[Mon 01 Jun 2026 11:32:23 WAT] /dev/sda2 - 8% used - SAFE: Congratulations Xaynnn
[Mon 01 Jun 2026 11:32:45 WAT] /dev/sda2 - 8% used - SAFE: Congratulations Xaynnn
[Mon 01 Jun 2026 11:32:46 WAT] /dev/sda2 - 8% used - SAFE: Congratulations Xaynnn
[Mon 01 Jun 2026 11:32:49 WAT] /dev/sda2 - 8% used - SAFE: Congratulations Xaynnn
[Mon 01 Jun 2026 12:13:04 WAT] /dev/sda2 - 8% used - SAFE: Congratulations Xaynnn
[Mon 01 Jun 2026 12:13:05 WAT] /dev/sda2 - 8% used - SAFE: Congratulations Xaynnn
/bin/sh: 1: /home/xaynn/Desktop/TWX/disk.sh: Permission denied
/bin/sh: 1: /home/xaynn/Desktop/TWX/disk.sh: Permission denied
/bin/sh: 1: /home/xaynn/Desktop/TWX/disk.sh: Permission denied
/bin/sh: 1: /home/xaynn/Desktop/TWX/disk.sh: Permission denied
/bin/sh: 1: /home/xaynn/Desktop/TWX/disk.sh: Permission denied
[Mon 01 Jun 2026 12:28:01 WAT] /dev/sda2 - 8% used - SAFE: Congratulations Xaynnn
[Mon 01 Jun 2026 12:28:01 WAT] /dev/sda2 - 8% used - SAFE: Congratulations Xaynnn
[Mon 01 Jun 2026 12:29:01 WAT] /dev/sda2 - 8% used - SAFE: Congratulations Xaynnn
[Mon 01 Jun 2026 12:29:01 WAT] /dev/sda2 - 8% used - SAFE: Congratulations Xaynnn
[Mon 01 Jun 2026 12:30:01 WAT] /dev/sda2 - 8% used - SAFE: Congratulations Xaynnn
[Mon 01 Jun 2026 12:30:01 WAT] /dev/sda2 - 8% used - SAFE: Congratulations Xaynnn
[Mon 01 Jun 2026 12:31:01 WAT] /dev/sda2 - 8% used - SAFE: Congratulations Xaynnn
[Mon 01 Jun 2026 12:31:01 WAT] /dev/sda2 - 8% used - SAFE: Congratulations Xaynnn
[Mon 01 Jun 2026 12:32:01 WAT] /dev/sda2 - 8% used - SAFE: Congratulations Xaynnn
[Mon 01 Jun 2026 12:32:01 WAT] /dev/sda2 - 8% used - SAFE: Congratulations Xaynnn
[Mon 01 Jun 2026 12:33:01 WAT] /dev/sda2 - 8% used - SAFE: Congratulations Xaynnn
[Mon 01 Jun 2026 12:33:01 WAT] /dev/sda2 - 8% used - SAFE: Congratulations Xaynnn
[Mon 01 Jun 2026 12:34:01 WAT] /dev/sda2 - 8% used - SAFE: Congratulations Xaynnn
[Mon 01 Jun 2026 12:34:01 WAT] /dev/sda2 - 8% used - SAFE: Congratulations Xaynnn
[Mon 01 Jun 2026 12:35:01 WAT] /dev/sda2 - 8% used - SAFE: Congratulations Xaynnn
[Mon 01 Jun 2026 12:35:01 WAT] /dev/sda2 - 8% used - SAFE: Congratulations Xaynnn
[Mon 01 Jun 2026 12:36:01 WAT] /dev/sda2 - 8% used - SAFE: Congratulations Xaynnn
[Mon 01 Jun 2026 12:36:01 WAT] /dev/sda2 - 8% used - SAFE: Congratulations Xaynnn
[Mon 01 Jun 2026 12:37:01 WAT] /dev/sda2 - 8% used - SAFE: Congratulations Xaynnn
[Mon 01 Jun 2026 12:37:01 WAT] /dev/sda2 - 8% used - SAFE: Congratulations Xaynnn
[Mon 01 Jun 2026 12:38:01 WAT] /dev/sda2 - 8% used - SAFE: Congratulations Xaynnn
[Mon 01 Jun 2026 12:38:01 WAT] /dev/sda2 - 8% used - SAFE: Congratulations Xaynnn
[Mon 01 Jun 2026 12:39:01 WAT] /dev/sda2 - 8% used - SAFE: Congratulations Xaynnn
[Mon 01 Jun 2026 12:39:01 WAT] /dev/sda2 - 8% used - SAFE: Congratulations Xaynnn
[Mon 01 Jun 2026 12:40:01 WAT] /dev/sda2 - 8% used - SAFE: Congratulations Xaynnn
[Mon 01 Jun 2026 12:40:01 WAT] /dev/sda2 - 8% used - SAFE: Congratulations Xaynnn
[Mon 01 Jun 2026 12:41:01 WAT] /dev/sda2 - 8% used - SAFE: Congratulations Xaynnn
[Mon 01 Jun 2026 12:41:01 WAT] /dev/sda2 - 8% used - SAFE: Congratulations Xaynnn
[Mon 01 Jun 2026 12:42:02 WAT] /dev/sda2 - 8% used - SAFE: Congratulations Xaynnn
[Mon 01 Jun 2026 12:42:02 WAT] /dev/sda2 - 8% used - SAFE: Congratulations Xaynnn
[Mon 01 Jun 2026 12:43:02 WAT] /dev/sda2 - 8% used - SAFE: Congratulations Xaynnn
[Mon 01 Jun 2026 12:43:02 WAT] /dev/sda2 - 8% used - SAFE: Congratulations Xaynnn
[Mon 01 Jun 2026 12:44:01 WAT] /dev/sda2 - 8% used - SAFE: Congratulations Xaynnn
[Mon 01 Jun 2026 12:44:01 WAT] /dev/sda2 - 8% used - SAFE: Congratulations Xaynnn
[Mon 01 Jun 2026 12:45:01 WAT] /dev/sda2 - 8% used - SAFE: Congratulations Xaynnn
[Mon 01 Jun 2026 12:45:01 WAT] /dev/sda2 - 8% used - SAFE: Congratulations Xaynnn
[Mon 01 Jun 2026 12:46:01 WAT] /dev/sda2 - 8% used - SAFE: Congratulations Xaynnn
[Mon 01 Jun 2026 12:46:01 WAT] /dev/sda2 - 8% used - SAFE: Congratulations Xaynnn
[Mon 01 Jun 2026 12:47:01 WAT] /dev/sda2 - 8% used - SAFE: Congratulations Xaynnn
[Mon 01 Jun 2026 12:47:01 WAT] /dev/sda2 - 8% used - SAFE: Congratulations Xaynnn
[Mon 01 Jun 2026 12:48:01 WAT] /dev/sda2 - 8% used - SAFE: Congratulations Xaynnn
[Mon 01 Jun 2026 12:48:01 WAT] /dev/sda2 - 8% used - SAFE: Congratulations Xaynnn
[Mon 01 Jun 2026 12:49:01 WAT] /dev/sda2 - 8% used - SAFE: Congratulations Xaynnn
[Mon 01 Jun 2026 12:49:01 WAT] /dev/sda2 - 8% used - SAFE: Congratulations Xaynnn
[Mon 01 Jun 2026 12:50:02 WAT] /dev/sda2 - 8% used - SAFE: Congratulations Xaynnn
[Mon 01 Jun 2026 12:50:02 WAT] /dev/sda2 - 8% used - SAFE: Congratulations Xaynnn
[Mon 01 Jun 2026 12:51:01 WAT] /dev/sda2 - 8% used - SAFE: Congratulations Xaynnn
[Mon 01 Jun 2026 12:51:01 WAT] /dev/sda2 - 8% used - SAFE: Congratulations Xaynnn
[Mon 01 Jun 2026 12:52:01 WAT] /dev/sda2 - 8% used - SAFE: Congratulations Xaynnn
[Mon 01 Jun 2026 12:52:01 WAT] /dev/sda2 - 8% used - SAFE: Congratulations Xaynnn
[Mon 01 Jun 2026 12:53:01 WAT] /dev/sda2 - 8% used - SAFE: Congratulations Xaynnn
[Mon 01 Jun 2026 12:53:01 WAT] /dev/sda2 - 8% used - SAFE: Congratulations Xaynnn
[Mon 01 Jun 2026 12:54:01 WAT] /dev/sda2 - 8% used - SAFE: Congratulations Xaynnn
[Mon 01 Jun 2026 12:54:01 WAT] /dev/sda2 - 8% used - SAFE: Congratulations Xaynnn
[Mon 01 Jun 2026 12:55:01 WAT] /dev/sda2 - 8% used - SAFE: Congratulations Xaynnn
[Mon 01 Jun 2026 12:55:01 WAT] /dev/sda2 - 8% used - SAFE: Congratulations Xaynnn
[Mon 01 Jun 2026 12:56:01 WAT] /dev/sda2 - 8% used - SAFE: Congratulations Xaynnn
[Mon 01 Jun 2026 12:56:01 WAT] /dev/sda2 - 8% used - SAFE: Congratulations Xaynnn
[Mon 01 Jun 2026 12:57:01 WAT] /dev/sda2 - 8% used - SAFE: Congratulations Xaynnn
[Mon 01 Jun 2026 12:57:01 WAT] /dev/sda2 - 8% used - SAFE: Congratulations Xaynnn
[Mon 01 Jun 2026 12:58:01 WAT] /dev/sda2 - 8% used - SAFE: Congratulations Xaynnn
[Mon 01 Jun 2026 12:58:01 WAT] /dev/sda2 - 8% used - SAFE: Congratulations Xaynnn
[Mon 01 Jun 2026 12:59:01 WAT] /dev/sda2 - 8% used - SAFE: Congratulations Xaynnn
[Mon 01 Jun 2026 12:59:01 WAT] /dev/sda2 - 8% used - SAFE: Congratulations Xaynnn
[Mon 01 Jun 2026 13:00:01 WAT] /dev/sda2 - 8% used - SAFE: Congratulations Xaynnn
[Mon 01 Jun 2026 13:00:01 WAT] /dev/sda2 - 8% used - SAFE: Congratulations Xaynnn
[Mon 01 Jun 2026 13:01:01 WAT] /dev/sda2 - 8% used - SAFE: Congratulations Xaynnn
[Mon 01 Jun 2026 13:01:01 WAT] /dev/sda2 - 8% used - SAFE: Congratulations Xaynnn
[Mon 01 Jun 2026 13:02:01 WAT] /dev/sda2 - 8% used - SAFE: Congratulations Xaynnn
[Mon 01 Jun 2026 13:02:01 WAT] /dev/sda2 - 8% used - SAFE: Congratulations Xaynnn
[Mon 01 Jun 2026 13:03:01 WAT] /dev/sda2 - 8% used - SAFE: Congratulations Xaynnn
[Mon 01 Jun 2026 13:03:01 WAT] /dev/sda2 - 8% used - SAFE: Congratulations Xaynnn
[Mon 01 Jun 2026 13:04:01 WAT] /dev/sda2 - 8% used - SAFE: Congratulations Xaynnn
[Mon 01 Jun 2026 13:04:01 WAT] /dev/sda2 - 8% used - SAFE: Congratulations Xaynnn
[Mon 01 Jun 2026 13:05:01 WAT] /dev/sda2 - 8% used - SAFE: Congratulations Xaynnn
[Mon 01 Jun 2026 13:05:01 WAT] /dev/sda2 - 8% used - SAFE: Congratulations Xaynnn
[Mon 01 Jun 2026 13:06:01 WAT] /dev/sda2 - 8% used - SAFE: Congratulations Xaynnn
[Mon 01 Jun 2026 13:06:01 WAT] /dev/sda2 - 8% used - SAFE: Congratulations Xaynnn
[Mon 01 Jun 2026 13:06:03 WAT] /dev/sda2 - 8% used
[Mon 01 Jun 2026 13:07:01 WAT] /dev/sda2 - 8% used - SAFE: Congratulations Xaynnn
[Mon 01 Jun 2026 13:07:01 WAT] /dev/sda2 - 8% used - SAFE: Congratulations Xaynnn
[Mon 01 Jun 2026 13:08:01 WAT] /dev/sda2 - 8% used - SAFE: Congratulations Xaynnn
[Mon 01 Jun 2026 13:08:01 WAT] /dev/sda2 - 8% used - SAFE: Congratulations Xaynnn
[Mon 01 Jun 2026 13:09:01 WAT] /dev/sda2 - 8% used - SAFE: Congratulations Xaynnn
[Mon 01 Jun 2026 13:09:01 WAT] /dev/sda2 - 8% used - SAFE: Congratulations Xaynnn
[Mon 01 Jun 2026 13:10:01 WAT] /dev/sda2 - 8% used - SAFE: Congratulations Xaynnn
[Mon 01 Jun 2026 13:10:01 WAT] /dev/sda2 - 8% used - SAFE: Congratulations Xaynnn
[Mon 01 Jun 2026 13:11:01 WAT] /dev/sda2 - 8% used - SAFE: Congratulations Xaynnn
[Mon 01 Jun 2026 13:11:01 WAT] /dev/sda2 - 8% used - SAFE: Congratulations Xaynnn
[Mon 01 Jun 2026 13:12:01 WAT] /dev/sda2 - 8% used - SAFE: Congratulations Xaynnn
[Mon 01 Jun 2026 13:12:01 WAT] /dev/sda2 - 8% used - SAFE: Congratulations Xaynnn
[Mon 01 Jun 2026 13:13:01 WAT] /dev/sda2 - 8% used - SAFE: Congratulations Xaynnn
[Mon 01 Jun 2026 13:13:01 WAT] /dev/sda2 - 8% used - SAFE: Congratulations Xaynnn
[Mon 01 Jun 2026 13:14:01 WAT] /dev/sda2 - 8% used - SAFE: Congratulations Xaynnn
[Mon 01 Jun 2026 13:14:01 WAT] /dev/sda2 - 8% used - SAFE: Congratulations Xaynnn
[Mon 01 Jun 2026 13:15:01 WAT] /dev/sda2 - 8% used - SAFE: Congratulations Xaynnn
[Mon 01 Jun 2026 13:15:01 WAT] /dev/sda2 - 8% used - SAFE: Congratulations Xaynnn
[Mon 01 Jun 2026 13:16:01 WAT] /dev/sda2 - 8% used - SAFE: Congratulations Xaynnn
[Mon 01 Jun 2026 13:16:01 WAT] /dev/sda2 - 8% used - SAFE: Congratulations Xaynnn
[Mon 01 Jun 2026 13:17:01 WAT] /dev/sda2 - 8% used - SAFE: Congratulations Xaynnn
[Mon 01 Jun 2026 13:17:01 WAT] /dev/sda2 - 8% used - SAFE: Congratulations Xaynnn
[Mon 01 Jun 2026 13:18:01 WAT] /dev/sda2 - 8% used - SAFE: Congratulations Xaynnn
[Mon 01 Jun 2026 13:18:01 WAT] /dev/sda2 - 8% used - SAFE: Congratulations Xaynnn
[Mon 01 Jun 2026 13:19:03 WAT] /dev/sda2 - 8% used - SAFE: Congratulations Xaynnn
[Mon 01 Jun 2026 13:19:03 WAT] /dev/sda2 - 8% used - SAFE: Congratulations Xaynnn
[Mon 01 Jun 2026 13:20:01 WAT] /dev/sda2 - 8% used - SAFE: Congratulations Xaynnn
[Mon 01 Jun 2026 13:20:01 WAT] /dev/sda2 - 8% used - SAFE: Congratulations Xaynnn
[Mon 01 Jun 2026 13:21:03 WAT] /dev/sda2 - 8% used - SAFE: Congratulations Xaynnn
[Mon 01 Jun 2026 13:21:03 WAT] /dev/sda2 - 8% used - SAFE: Congratulations Xaynnn
[Mon 01 Jun 2026 13:22:02 WAT] /dev/sda2 - 8% used - SAFE: Congratulations Xaynnn
[Mon 01 Jun 2026 13:22:02 WAT] /dev/sda2 - 8% used - SAFE: Congratulations Xaynnn
[Mon 01 Jun 2026 13:23:01 WAT] /dev/sda2 - 8% used - SAFE: Congratulations Xaynnn
[Mon 01 Jun 2026 13:23:01 WAT] /dev/sda2 - 8% used - SAFE: Congratulations Xaynnn
[Mon 01 Jun 2026 13:24:01 WAT] /dev/sda2 - 8% used - SAFE: Congratulations Xaynnn
[Mon 01 Jun 2026 13:24:01 WAT] /dev/sda2 - 8% used - SAFE: Congratulations Xaynnn
[Mon 01 Jun 2026 13:25:01 WAT] /dev/sda2 - 8% used - SAFE: Congratulations Xaynnn
[Mon 01 Jun 2026 13:25:01 WAT] /dev/sda2 - 8% used - SAFE: Congratulations Xaynnn
[Mon 01 Jun 2026 13:26:01 WAT] /dev/sda2 - 8% used - SAFE: Congratulations Xaynnn
[Mon 01 Jun 2026 13:26:01 WAT] /dev/sda2 - 8% used - SAFE: Congratulations Xaynnn
[Mon 01 Jun 2026 13:27:01 WAT] /dev/sda2 - 8% used - SAFE: Congratulations Xaynnn
[Mon 01 Jun 2026 13:27:01 WAT] /dev/sda2 - 8% used - SAFE: Congratulations Xaynnn
[Mon 01 Jun 2026 13:28:01 WAT] /dev/sda2 - 8% used - SAFE: Congratulations Xaynnn
[Mon 01 Jun 2026 13:28:01 WAT] /dev/sda2 - 8% used - SAFE: Congratulations Xaynnn
[Mon 01 Jun 2026 13:29:02 WAT] /dev/sda2 - 8% used - SAFE: Congratulations Xaynnn
[Mon 01 Jun 2026 13:29:02 WAT] /dev/sda2 - 8% used - SAFE: Congratulations Xaynnn
[Mon 01 Jun 2026 13:30:01 WAT] /dev/sda2 - 8% used - SAFE: Congratulations Xaynnn
[Mon 01 Jun 2026 13:30:01 WAT] /dev/sda2 - 8% used - SAFE: Congratulations Xaynnn
[Mon 01 Jun 2026 13:31:01 WAT] /dev/sda2 - 8% used
[Mon 01 Jun 2026 13:31:01 WAT] /dev/sda2 - 8% used
{"ok":true,"result":{"message_id":6,"from":{"id":8687946311,"is_bot":true,"first_name":"XaynnMonitor","username":"xaynn_monitor_bot"},"chat":{"id":6917988745,"first_name":"Zay","last_name":"Nab","type":"private"},"date":1780317066,"text":"\u2705 Disk OK: /dev/sda2 is at 8% on xaynn"}}[Mon 01 Jun 2026 13:32:01 WAT] /dev/sda2 - 8% used
[Mon 01 Jun 2026 13:32:01 WAT] /dev/sda2 - 8% used
{"ok":true,"result":{"message_id":7,"from":{"id":8687946311,"is_bot":true,"first_name":"XaynnMonitor","username":"xaynn_monitor_bot"},"chat":{"id":6917988745,"first_name":"Zay","last_name":"Nab","type":"private"},"date":1780317122,"text":"\u2705 Disk OK: /dev/sda2 is at 8% on xaynn"}}[Mon 01 Jun 2026 13:33:01 WAT] /dev/sda2 - 8% used
[Mon 01 Jun 2026 13:33:01 WAT] /dev/sda2 - 8% used
{"ok":true,"result":{"message_id":8,"from":{"id":8687946311,"is_bot":true,"first_name":"XaynnMonitor","username":"xaynn_monitor_bot"},"chat":{"id":6917988745,"first_name":"Zay","last_name":"Nab","type":"private"},"date":1780317183,"text":"\u2705 Disk OK: /dev/sda2 is at 8% on xaynn"}}[Thu 04 Jun 2026 14:51:41 WAT] /dev/sda2 - 8% used - SAFE: Congratulations Xaynnn
[Fri 05 Jun 2026 11:24:09 WAT] /dev/sda2 - 8% used
[Fri 05 Jun 2026 11:35:01 WAT] /dev/sda2 - 8% used
[Fri 05 Jun 2026 11:35:01 WAT] /dev/sda2 - 8% used
{"ok":true,"result":{"message_id":11,"from":{"id":8687946311,"is_bot":true,"first_name":"XaynnMonitor","username":"xaynn_monitor_bot"},"chat":{"id":6917988745,"first_name":"Zay","last_name":"Nab","type":"private"},"date":1780655702,"text":"\u2705 Disk OK: /dev/sda2 is at 8% on xaynn"}}[Fri 05 Jun 2026 11:40:01 WAT] /dev/sda2 - 8% used
[Fri 05 Jun 2026 11:40:01 WAT] /dev/sda2 - 8% used
{"ok":true,"result":{"message_id":12,"from":{"id":8687946311,"is_bot":true,"first_name":"XaynnMonitor","username":"xaynn_monitor_bot"},"chat":{"id":6917988745,"first_name":"Zay","last_name":"Nab","type":"private"},"date":1780656003,"text":"\u2705 Disk OK: /dev/sda2 is at 8% on xaynn"}}[Fri 05 Jun 2026 11:45:01 WAT] /dev/sda2 - 8% used
[Fri 05 Jun 2026 11:45:01 WAT] /dev/sda2 - 8% used
{"ok":true,"result":{"message_id":13,"from":{"id":8687946311,"is_bot":true,"first_name":"XaynnMonitor","username":"xaynn_monitor_bot"},"chat":{"id":6917988745,"first_name":"Zay","last_name":"Nab","type":"private"},"date":1780656302,"text":"\u2705 Disk OK: /dev/sda2 is at 8% on xaynn"}}